[[1;34mINFO[m] Scanning for projects...
[[1;34mINFO[m] 
[[1;34mINFO[m] [1m---------------------< [0;36mcom.inpart:migration-tool[0;1m >----------------------[m
[[1;34mINFO[m] [1mBuilding Client Migration Tool 1.0.0[m
[[1;34mINFO[m] [1m--------------------------------[ jar ]---------------------------------[m
[[1;34mINFO[m] 
[[1;34mINFO[m] [1m>>> [0;32mspring-boot-maven-plugin:3.2.0:run[m [1m(default-cli)[0;1m > [0;1mtest-compile[m @ [36mmigration-tool[0;1m >>>[m
[[1;34mINFO[m] 
[[1;34mINFO[m] [1m--- [0;32mmaven-resources-plugin:3.3.1:resources[m [1m(default-resources)[m @ [36mmigration-tool[0;1m ---[m
[[1;34mINFO[m] Copying 1 resource from src/main/resources to target/classes
[[1;34mINFO[m] Copying 0 resource from src/main/resources to target/classes
[[1;34mINFO[m] 
[[1;34mINFO[m] [1m--- [0;32mmaven-compiler-plugin:3.11.0:compile[m [1m(default-compile)[m @ [36mmigration-tool[0;1m ---[m
[[1;34mINFO[m] Nothing to compile - all classes are up to date
[[1;34mINFO[m] 
[[1;34mINFO[m] [1m--- [0;32mmaven-resources-plugin:3.3.1:testResources[m [1m(default-testResources)[m @ [36mmigration-tool[0;1m ---[m
[[1;34mINFO[m] skip non existing resourceDirectory /home/chala/projects/freelancing/inpartMigrationTool/backend/src/test/resources
[[1;34mINFO[m] 
[[1;34mINFO[m] [1m--- [0;32mmaven-compiler-plugin:3.11.0:testCompile[m [1m(default-testCompile)[m @ [36mmigration-tool[0;1m ---[m
[[1;34mINFO[m] Nothing to compile - all classes are up to date
[[1;34mINFO[m] 
[[1;34mINFO[m] [1m<<< [0;32mspring-boot-maven-plugin:3.2.0:run[m [1m(default-cli)[0;1m < [0;1mtest-compile[m @ [36mmigration-tool[0;1m <<<[m
[[1;34mINFO[m] 
[[1;34mINFO[m] 
[[1;34mINFO[m] [1m--- [0;32mspring-boot-maven-plugin:3.2.0:run[m [1m(default-cli)[m @ [36mmigration-tool[0;1m ---[m
[[1;34mINFO[m] Attaching agents: []

  .   ____          _            __ _ _
 /\\ / ___'_ __ _ _(_)_ __  __ _ \ \ \ \
( ( )\___ | '_ | '_| | '_ \/ _` | \ \ \ \
 \\/  ___)| |_)| | | | | || (_| |  ) ) ) )
  '  |____| .__|_| |_|_| |_\__, | / / / /
 =========|_|==============|___/=/_/_/_/
[32m :: Spring Boot :: [39m              [2m (v3.2.0)[0;39m

2025-12-17 12:59:34 - Starting MigrationApplication using Java 22.0.2 with PID 51037 (/home/chala/projects/freelancing/inpartMigrationTool/backend/target/classes started by chala in /home/chala/projects/freelancing/inpartMigrationTool/backend)
2025-12-17 12:59:34 - No active profile set, falling back to 1 default profile: "default"
2025-12-17 12:59:36 - Tomcat initialized with port 9091 (http)
2025-12-17 12:59:36 - Starting service [Tomcat]
2025-12-17 12:59:36 - Starting Servlet engine: [Apache Tomcat/10.1.16]
2025-12-17 12:59:36 - Initializing Spring embedded WebApplicationContext
2025-12-17 12:59:36 - Root WebApplicationContext: initialization completed in 1358 ms
2025-12-17 12:59:36 - Tomcat started on port 9091 (http) with context path ''
2025-12-17 12:59:36 - Started MigrationApplication in 2.734 seconds (process running for 3.193)
2025-12-17 13:00:03 - Initializing Spring DispatcherServlet 'dispatcherServlet'
2025-12-17 13:00:03 - Initializing Servlet 'dispatcherServlet'
2025-12-17 13:00:03 - Completed initialization in 1 ms
